<?xml version="1.0" encoding="UTF-8"?>
<!-- Generated by org.testng.reporters.JUnitXMLReporter -->
<testsuite hostname="idea-PC" name="Default test" tests="3" failures="0" timestamp="22 Apr 2018 16:42:34 GMT" time="16.548" errors="0">
  <testcase name="testLaunchUrl" time="10.955" classname="com.ajacus.test.PropertyCapsuleT10_T11Test"/>
  <testcase name="testTermAndServices" time="0.335" classname="com.ajacus.test.PropertyCapsuleT10_T11Test"/>
  <testcase name="testLoginPage" time="5.241" classname="com.ajacus.test.PropertyCapsuleT10_T11Test"/>
</testsuite> <!-- Default test -->
