<?xml version="1.0" encoding="UTF-8"?>
<testng-results skipped="0" failed="0" total="2" passed="2">
  <reporter-output>
  </reporter-output>
  <suite name="Suite1" duration-ms="18937" started-at="2018-04-22T17:31:03Z" finished-at="2018-04-22T17:31:22Z">
    <groups>
    </groups>
    <test name="ajacus" duration-ms="18937" started-at="2018-04-22T17:31:03Z" finished-at="2018-04-22T17:31:22Z">
      <class name="com.ajackus.test.PropertyCapsuleT02Test">
        <test-method status="PASS" signature="testLaunchUrl()[pri:0, instance:com.ajackus.test.PropertyCapsuleT02Test@12bde0f]" name="testLaunchUrl" duration-ms="14658" started-at="2018-04-22T23:01:03Z" finished-at="2018-04-22T23:01:18Z">
          <reporter-output>
          </reporter-output>
        </test-method> <!-- testLaunchUrl -->
        <test-method status="PASS" signature="testVerifySignUpPage()[pri:0, instance:com.ajackus.test.PropertyCapsuleT02Test@12bde0f]" name="testVerifySignUpPage" duration-ms="4262" started-at="2018-04-22T23:01:18Z" depends-on-methods="com.ajackus.test.PropertyCapsuleT02Test.testLaunchUrl" finished-at="2018-04-22T23:01:22Z">
          <reporter-output>
          </reporter-output>
        </test-method> <!-- testVerifySignUpPage -->
      </class> <!-- com.ajackus.test.PropertyCapsuleT02Test -->
    </test> <!-- ajacus -->
  </suite> <!-- Suite1 -->
</testng-results>
